0 info it worked if it ends with ok
1 verbose cli [ '/usr/bin/nodejs', '/usr/bin/npm', 'start', 'dev' ]
2 info using npm@3.5.2
3 info using node@v4.2.6
4 verbose stack Error: ENOENT: no such file or directory, open '/home/abdmo/dev/package.json'
4 verbose stack     at Error (native)
5 verbose cwd /home/abdmo/dev/nerd-notes
6 error Linux 4.4.0-83-generic
7 error argv "/usr/bin/nodejs" "/usr/bin/npm" "start" "dev"
8 error node v4.2.6
9 error npm  v3.5.2
10 error path /home/abdmo/dev/package.json
11 error code ENOENT
12 error errno -2
13 error syscall open
14 error enoent ENOENT: no such file or directory, open '/home/abdmo/dev/package.json'
15 error enoent ENOENT: no such file or directory, open '/home/abdmo/dev/package.json'
15 error enoent This is most likely not a problem with npm itself
15 error enoent and is related to npm not being able to find a file.
16 verbose exit [ -2, true ]
